2016-12-23 02:12:46|SYS|reset log
2016-12-23 02:12:46|INFO|ready type=Client
2016-12-23 02:12:48|ERROR|Traceback (most recent call last):
  File "table_writer.py", line 147, in __call__
    self.deal_row_values(row_values)
  File "table_writer.py", line 187, in deal_row_values
    print row
  File "build\bdist.win32\egg\google\protobuf\internal\python_message.py", line 660, in __str__
    return text_format.MessageToString(self)
  File "build\bdist.win32\egg\google\protobuf\text_format.py", line 58, in MessageToString
    PrintMessage(message, out, as_utf8=as_utf8, as_one_line=as_one_line)
  File "build\bdist.win32\egg\google\protobuf\text_format.py", line 72, in PrintMessage
    PrintField(field, value, out, indent, as_utf8, as_one_line)
  File "build\bdist.win32\egg\google\protobuf\text_format.py", line 101, in PrintField
    PrintFieldValue(field, value, out, indent, as_utf8, as_one_line)
  File "build\bdist.win32\egg\google\protobuf\text_format.py", line 120, in PrintFieldValue
    PrintMessage(value, out, indent + 2, as_utf8, as_one_line)
  File "build\bdist.win32\egg\google\protobuf\text_format.py", line 72, in PrintMessage
    PrintField(field, value, out, indent, as_utf8, as_one_line)
  File "build\bdist.win32\egg\google\protobuf\text_format.py", line 101, in PrintField
    PrintFieldValue(field, value, out, indent, as_utf8, as_one_line)
  File "build\bdist.win32\egg\google\protobuf\text_format.py", line 123, in PrintFieldValue
    out.write(field.enum_type.values_by_number[value].name)
KeyError: 101L

2016-12-23 02:12:48|ERROR|处理行数据失败|4
2016-12-23 02:12:48|ERROR|Traceback (most recent call last):
  File "table_writer.py", line 147, in __call__
    self.deal_row_values(row_values)
  File "table_writer.py", line 187, in deal_row_values
    print row
  File "build\bdist.win32\egg\google\protobuf\internal\python_message.py", line 660, in __str__
    return text_format.MessageToString(self)
  File "build\bdist.win32\egg\google\protobuf\text_format.py", line 58, in MessageToString
    PrintMessage(message, out, as_utf8=as_utf8, as_one_line=as_one_line)
  File "build\bdist.win32\egg\google\protobuf\text_format.py", line 72, in PrintMessage
    PrintField(field, value, out, indent, as_utf8, as_one_line)
  File "build\bdist.win32\egg\google\protobuf\text_format.py", line 101, in PrintField
    PrintFieldValue(field, value, out, indent, as_utf8, as_one_line)
  File "build\bdist.win32\egg\google\protobuf\text_format.py", line 120, in PrintFieldValue
    PrintMessage(value, out, indent + 2, as_utf8, as_one_line)
  File "build\bdist.win32\egg\google\protobuf\text_format.py", line 72, in PrintMessage
    PrintField(field, value, out, indent, as_utf8, as_one_line)
  File "build\bdist.win32\egg\google\protobuf\text_format.py", line 101, in PrintField
    PrintFieldValue(field, value, out, indent, as_utf8, as_one_line)
  File "build\bdist.win32\egg\google\protobuf\text_format.py", line 123, in PrintFieldValue
    out.write(field.enum_type.values_by_number[value].name)
KeyError: 101L

2016-12-23 02:12:48|ERROR|处理行数据失败|4
2016-12-23 02:12:48|ERROR|finish useTime:1.81999993324
