2016-11-03 09:46:20|INFO|../table/test.xlsx
2016-11-03 09:46:21|INFO|0
2016-11-03 09:46:21|INFO|1
2016-11-03 09:46:21|INFO|2
2016-11-03 09:47:31|INFO|../table/test.xlsx
2016-11-03 09:47:31|INFO|0
2016-11-03 09:47:31|INFO|all_test
2016-11-03 09:47:31|INFO|1
2016-11-03 09:47:31|INFO|all_testa
2016-11-03 09:47:31|INFO|2
2016-11-03 09:47:31|INFO|Sheet3
2016-11-03 09:48:50|INFO|../table/test.xlsx
2016-11-03 09:48:50|INFO|0
2016-11-03 09:48:50|INFO|all_test
2016-11-03 09:48:59|INFO|../table/test.xlsx
2016-11-03 09:48:59|INFO|0
2016-11-03 09:48:59|INFO|all_test
2016-11-03 09:49:06|INFO|../table/test.xlsx
2016-11-03 09:49:06|INFO|0
2016-11-03 09:49:06|INFO|all_test
2016-11-03 09:49:27|INFO|../table/test.xlsx
2016-11-03 09:49:27|INFO|0
2016-11-03 09:49:27|INFO|1
2016-11-03 09:49:27|INFO|2
