2016-10-23 02:42:52|INFO|---------------------------------------
2016-10-23 02:42:52|INFO|ready
2016-10-23 02:42:52|INFO|handle excel : Scene.xlsx
2016-10-23 02:42:52|INFO|handle excel : TestTable.xlsx
2016-10-23 02:42:52|INFO|finish
2016-10-23 02:59:37|INFO|---------------------------------------
2016-10-23 02:59:37|INFO|ready
2016-10-23 02:59:37|INFO|handle excel : scene.xlsx
2016-10-23 02:59:37|INFO|handle excel : test.xlsx
2016-10-23 02:59:37|INFO|finish
2016-10-23 03:00:38|INFO|---------------------------------------
2016-10-23 03:00:38|INFO|ready
2016-10-23 03:00:38|INFO|handle excel : scene.xlsx
2016-10-23 03:00:38|INFO|handle excel : test.xlsx
2016-10-23 03:00:38|INFO|finish
2016-10-23 03:07:31|INFO|---------------------------------------
2016-10-23 03:07:31|INFO|ready
2016-10-23 03:07:31|INFO|handle excel : scene.xlsx
2016-10-23 03:07:31|INFO|handle excel : test.xlsx
2016-10-23 03:07:31|INFO|finish
2016-10-23 03:17:26|INFO|---------------------------------------
2016-10-23 03:17:26|INFO|ready
2016-10-23 03:17:26|INFO|handle excel : scene.xlsx
2016-10-23 03:17:26|INFO|handle excel : test.xlsx
2016-10-23 03:17:26|INFO|finish
2016-10-23 04:26:47|INFO|---------------------------------------
2016-10-23 04:26:47|INFO|ready
2016-10-23 04:26:47|INFO|handle excel : scene.xlsx
2016-10-23 04:26:47|INFO|handle excel : test.xlsx
2016-10-23 04:26:47|INFO|finish
